<?xml version="1.0" encoding="UTF-8"?>
<!-- Generated by org.testng.reporters.JUnitReportReporter -->
<testsuite hostname="Smitas-MacBook-Air.local" failures="0" tests="1" name="org.example.ParametersExample" time="3.949" errors="0" timestamp="2023-04-14T11:03:20 IST" skipped="0">
  <testcase classname="org.example.ParametersExample" name="getTitleFromHomePage" time="3.949"/>
  <system-out/>
</testsuite> <!-- org.example.ParametersExample -->
